<?xml version="1.0" encoding="UTF-8"?>
<!-- Generated by org.testng.reporters.JUnitReportReporter -->
<testsuite hostname="LAPTOP-79C88I1L" failures="0" tests="1" name="PracticeJenkinTest.Practice1Test" time="0.246" errors="0" timestamp="31 May 2022 06:07:11 GMT" skipped="0">
  <testcase classname="PracticeJenkinTest.Practice1Test" name="practice1" time="0.246"/>
</testsuite> <!-- PracticeJenkinTest.Practice1Test -->
